[ 2016-08-28 13:12:34.5698 42025/0x7fff771bc000 age/Wat/WatchdogMain.cpp:1291 ]: Starting Passenger watchdog...
[ 2016-08-28 13:12:34.5840 42027/0x7fff771bc000 age/Cor/CoreMain.cpp:982 ]: Starting Passenger core...
[ 2016-08-28 13:12:34.5845 42027/0x7fff771bc000 age/Cor/CoreMain.cpp:235 ]: Passenger core running in multi-application mode.
[ 2016-08-28 13:12:34.5903 42027/0x7fff771bc000 age/Cor/CoreMain.cpp:732 ]: Passenger core online, PID 42027
[ 2016-08-28 13:12:34.5941 42029/0x7fff771bc000 age/Ust/UstRouterMain.cpp:529 ]: Starting Passenger UstRouter...
[ 2016-08-28 13:12:34.5948 42029/0x7fff771bc000 age/Ust/UstRouterMain.cpp:342 ]: Passenger UstRouter online, PID 42029
App 42049 stdout: 
App 42072 stdout: 
App 42049 stderr: 127.0.0.1 - - [28/Aug/2016 13:13:31] "GET / HTTP/1.1" 200 2404 0.0043
App 42049 stderr: 127.0.0.1 - - [28/Aug/2016 13:13:32] "GET /favicon.ico HTTP/1.1" 404 447 0.0009

[ 2016-08-29 12:22:44.2868 42029/0x700000104000 age/Ust/UstRouterMain.cpp:422 ]: Signal received. Gracefully shutting down... (send signal 2 more time(s) to force shutdown)
[ 2016-08-29 12:22:44.2868 42029/0x7fff771bc000 age/Ust/UstRouterMain.cpp:492 ]: Received command to shutdown gracefully. Waiting until all clients have disconnected...
App 42049 stderr: [ 2016-08-29 12:22:44.2908 42072/0x007ff46889f850(Worker 1) utils.rb:87 ]: *** Exception Errno::EBADF (Bad file descriptor) (process 42072, thread 0x007ff46889f850(Worker 1)):
App 42049 stderr: 	from /Users/hujian/work/APIEasy/src/vendor/bundle/ruby/2.0.0/gems/passenger-5.0.30/src/ruby_supportlib/phusion_passenger/request_handler/thread_handler.rb:136:in `accept'
App 42049 stderr: 	from /Users/hujian/work/APIEasy/src/vendor/bundle/ruby/2.0.0/gems/passenger-5.0.30/src/ruby_supportlib/phusion_passenger/request_handler/thread_handler.rb:136:in `accept_and_process_next_request'
App 42049 stderr: 	from /Users/hujian/work/APIEasy/src/vendor/bundle/ruby/2.0.0/gems/passenger-5.0.30/src/ruby_supportlib/phusion_passenger/request_handler/thread_handler.rb:113:in `main_loop'
App 42049 stderr: 	from /Users/hujian/work/APIEasy/src/vendor/bundle/ruby/2.0.0/gems/passenger-5.0.30/src/ruby_supportlib/phusion_passenger/request_handler.rb:416:in `block (3 levels) in start_threads'
App 42049 stderr: 	from /Users/hujian/work/APIEasy/src/vendor/bundle/ruby/2.0.0/gems/passenger-5.0.30/src/ruby_supportlib/phusion_passenge
App 42049 stderr: r/utils.rb:113:in `block in create_thread_and_abort_on_exception'

[ 2016-08-29 12:22:44.3125 42027/0x70000018a000 age/Cor/CoreMain.cpp:532 ]: Signal received. Gracefully shutting down... (send signal 2 more time(s) to force shutdown)
[ 2016-08-29 12:22:44.3126 42027/0x7fff771bc000 age/Cor/CoreMain.cpp:901 ]: Received command to shutdown gracefully. Waiting until all clients have disconnected...
[ 2016-08-29 12:22:44.3171 42027/0x7fff771bc000 age/Cor/CoreMain.cpp:819 ]: Checking whether to disconnect long-running connections for process 42072, application /Users/hujian/work/APIEasy/src/public (development)
[ 2016-08-29 12:22:44.3331 42027/0x70000018a000 Ser/Server.h:816 ]: [ServerThr.1] Freed 128 spare client objects
[ 2016-08-29 12:22:44.3331 42027/0x70000018a000 Ser/Server.h:464 ]: [ServerThr.1] Shutdown finished
[ 2016-08-29 12:22:44.3348 42027/0x700000290000 Ser/Server.h:816 ]: [ServerThr.2] Freed 128 spare client objects
[ 2016-08-29 12:22:44.3348 42027/0x70000049c000 Ser/Server.h:816 ]: [ServerThr.4] Freed 128 spare client objects
[ 2016-08-29 12:22:44.3348 42027/0x700000396000 Ser/Server.h:816 ]: [ServerThr.3] Freed 128 spare client objects
[ 2016-08-29 12:22:44.3348 42027/0x70000049c000 Ser/Server.h:464 ]: [ServerThr.4] Shutdown finished
[ 2016-08-29 12:22:44.3348 42027/0x700000290000 Ser/Server.h:464 ]: [ServerThr.2] Shutdown finished
[ 2016-08-29 12:22:44.3349 42027/0x700000396000 Ser/Server.h:464 ]: [ServerThr.3] Shutdown finished
[ 2016-08-29 12:22:44.3704 42029/0x70000020a000 Ser/Server.h:816 ]: [UstRouterApiServer] Freed 0 spare client objects
[ 2016-08-29 12:22:44.3704 42029/0x70000020a000 Ser/Server.h:464 ]: [UstRouterApiServer] Shutdown finished
[ 2016-08-29 12:22:44.3497 42027/0x7000005a2000 Ser/Server.h:816 ]: [ApiServer] Freed 0 spare client objects
[ 2016-08-29 12:22:44.3789 42029/0x700000104000 Ser/Server.h:464 ]: [UstRouter] Shutdown finished
[ 2016-08-29 12:22:44.3798 42027/0x7000005a2000 Ser/Server.h:464 ]: [ApiServer] Shutdown finished
[ 2016-08-29 12:22:44.3845 42027/0x7fff771bc000 age/Cor/CoreMain.cpp:819 ]: Checking whether to disconnect long-running connections for process 42072, application /Users/hujian/work/APIEasy/src/public (development)

[ 2016-08-29 12:22:44.4029 42027/0x70000018a000 age/Cor/CoreMain.cpp:532 ]: Signal received. Gracefully shutting down... (send signal 1 more time(s) to force shutdown)
[ 2016-08-29 12:22:44.4294 42029/0x7fff771bc000 age/Ust/UstRouterMain.cpp:523 ]: Passenger UstRouter shutdown finished
[ 2016-08-29 12:22:44.6071 42027/0x7fff771bc000 age/Cor/CoreMain.cpp:967 ]: Passenger core shutdown finished
